<?xml version="1.0" encoding="UTF-8"?>
<!-- Generated by org.testng.reporters.JUnitReportReporter -->
<testsuite hostname="P5-GL9DH92" name="p1.p11.bookticket" tests="1" failures="0" timestamp="25 Jun 2018 10:39:10 GMT" time="2.083" errors="0">
  <testcase name="f" time="2.083" classname="p1.p11.bookticket"/>
</testsuite> <!-- p1.p11.bookticket -->
